<?xml version="1.0" encoding="UTF-8"?>
<testng-results ignored="0" total="4" passed="4" failed="0" skipped="0">
  <reporter-output>
    <line>
      <![CDATA[Demo Web Shop. Register]]>
    </line>
    <line>
      <![CDATA[Demo Web Shop. Register]]>
    </line>
    <line>
      <![CDATA[Demo Web Shop. Register]]>
    </line>
    <line>
      <![CDATA[Demo Web Shop. Register]]>
    </line>
    <line>
      <![CDATA[Demo Web Shop. Register]]>
    </line>
    <line>
      <![CDATA[Demo Web Shop. Register]]>
    </line>
    <line>
      <![CDATA[Demo Web Shop. Register]]>
    </line>
    <line>
      <![CDATA[Demo Web Shop. Register]]>
    </line>
  </reporter-output>
  <suite started-at="2024-01-24T11:00:37 IST" name="Default suite" finished-at="2024-01-24T11:01:13 IST" duration-ms="36564">
    <groups>
    </groups>
    <test started-at="2024-01-24T11:00:37 IST" name="Default test" finished-at="2024-01-24T11:01:13 IST" duration-ms="36564">
      <class name="testScripts.Demo_register">
        <test-method signature="registration(java.lang.String,java.lang.String,java.lang.String,java.lang.String,java.lang.String)[pri:0, instance:testScripts.Demo_register@6a192cfe]" started-at="2024-01-24T11:00:37 IST" name="registration" data-provider="Register" finished-at="2024-01-24T11:00:46 IST" duration-ms="8694" status="PASS">
          <params>
            <param index="0">
              <value>
                <![CDATA[kumar]]>
              </value>
            </param>
            <param index="1">
              <value>
                <![CDATA[kkk]]>
              </value>
            </param>
            <param index="2">
              <value>
                <![CDATA[k23@gmail.com]]>
              </value>
            </param>
            <param index="3">
              <value>
                <![CDATA[wwww1111]]>
              </value>
            </param>
            <param index="4">
              <value>
                <![CDATA[wwww1111]]>
              </value>
            </param>
          </params>
          <reporter-output>
            <line>
              <![CDATA[Demo Web Shop. Register]]>
            </line>
            <line>
              <![CDATA[Demo Web Shop. Register]]>
            </line>
          </reporter-output>
        </test-method> <!-- registration -->
        <test-method signature="registration(java.lang.String,java.lang.String,java.lang.String,java.lang.String,java.lang.String)[pri:0, instance:testScripts.Demo_register@6a192cfe]" started-at="2024-01-24T11:00:46 IST" name="registration" data-provider="Register" finished-at="2024-01-24T11:00:56 IST" duration-ms="10248" status="PASS">
          <params>
            <param index="0">
              <value>
                <![CDATA[papu]]>
              </value>
            </param>
            <param index="1">
              <value>
                <![CDATA[ppp]]>
              </value>
            </param>
            <param index="2">
              <value>
                <![CDATA[pp@gmail.com]]>
              </value>
            </param>
            <param index="3">
              <value>
                <![CDATA[pppp1111]]>
              </value>
            </param>
            <param index="4">
              <value>
                <![CDATA[pppp1111]]>
              </value>
            </param>
          </params>
          <reporter-output>
            <line>
              <![CDATA[Demo Web Shop. Register]]>
            </line>
            <line>
              <![CDATA[Demo Web Shop. Register]]>
            </line>
          </reporter-output>
        </test-method> <!-- registration -->
        <test-method signature="registration(java.lang.String,java.lang.String,java.lang.String,java.lang.String,java.lang.String)[pri:0, instance:testScripts.Demo_register@6a192cfe]" started-at="2024-01-24T11:00:56 IST" name="registration" data-provider="Register" finished-at="2024-01-24T11:01:05 IST" duration-ms="8599" status="PASS">
          <params>
            <param index="0">
              <value>
                <![CDATA[Appu]]>
              </value>
            </param>
            <param index="1">
              <value>
                <![CDATA[aaa]]>
              </value>
            </param>
            <param index="2">
              <value>
                <![CDATA[appu@gmail.com]]>
              </value>
            </param>
            <param index="3">
              <value>
                <![CDATA[aaa111]]>
              </value>
            </param>
            <param index="4">
              <value>
                <![CDATA[aaa111]]>
              </value>
            </param>
          </params>
          <reporter-output>
            <line>
              <![CDATA[Demo Web Shop. Register]]>
            </line>
            <line>
              <![CDATA[Demo Web Shop. Register]]>
            </line>
          </reporter-output>
        </test-method> <!-- registration -->
        <test-method signature="registration(java.lang.String,java.lang.String,java.lang.String,java.lang.String,java.lang.String)[pri:0, instance:testScripts.Demo_register@6a192cfe]" started-at="2024-01-24T11:01:05 IST" name="registration" data-provider="Register" finished-at="2024-01-24T11:01:13 IST" duration-ms="8481" status="PASS">
          <params>
            <param index="0">
              <value>
                <![CDATA[Ramesh]]>
              </value>
            </param>
            <param index="1">
              <value>
                <![CDATA[rrr]]>
              </value>
            </param>
            <param index="2">
              <value>
                <![CDATA[ra@gmail.com]]>
              </value>
            </param>
            <param index="3">
              <value>
                <![CDATA[rrr111]]>
              </value>
            </param>
            <param index="4">
              <value>
                <![CDATA[rrr111]]>
              </value>
            </param>
          </params>
          <reporter-output>
            <line>
              <![CDATA[Demo Web Shop. Register]]>
            </line>
            <line>
              <![CDATA[Demo Web Shop. Register]]>
            </line>
          </reporter-output>
        </test-method> <!-- registration -->
      </class> <!-- testScripts.Demo_register -->
    </test> <!-- Default test -->
  </suite> <!-- Default suite -->
</testng-results>
