<?xml version="1.0" encoding="UTF-8"?>
<!-- Generated by org.testng.reporters.JUnitXMLReporter -->
<testsuite ignored="0" hostname="TYSS-Keerthi-Kumar" failures="0" tests="4" name="Default test" time="36.564" errors="0" timestamp="2024-01-24T11:01:13 IST">
  <testcase classname="testScripts.Demo_register" name="registration" time="8.694"/>
  <testcase classname="testScripts.Demo_register" name="registration" time="10.248"/>
  <testcase classname="testScripts.Demo_register" name="registration" time="8.599"/>
  <testcase classname="testScripts.Demo_register" name="registration" time="8.481"/>
</testsuite> <!-- Default test -->
